[user][07:20:27] - 6Vme0d3Let3yCnFkw.Bvxm - Succesfully deleted
[user][07:20:27] - 2aLmByr3N4mErzhAh.Mg2g - Succesfully renamed
[user][07:20:27] - 4gmD9wD6jqr3N4mEU.py - Succesfully renamed
[user][07:20:27] - 3WV8xr3N4mEtuM24J.ts - Succesfully renamed
[user][07:20:27] - 5r3N4mELAnk5j3Vdw.go - Succesfully renamed
[user][07:20:46] - ZF7Fqm0V333cha4v.daF3 - Succesfully moved to backup
[user][07:20:46] - ppZDCKtm0V3WQu1w.Vc4f - Succesfully moved to backup
[user][07:20:46] - bEK0Pm0V3iY0b5qs.VvA0 - Succesfully moved to backup
[user][07:20:46] - cK1PSgkm0V3TnQ2d.zHb4 - Succesfully moved to backup
[user][07:20:46] - BHLBqm0V3RdB7x9l.h6Dj - Succesfully moved to backup
[user][07:20:46] - 1BkDidm0V3k0Pc97x.pac3 - Succesfully moved to backup
[user][07:20:46] - kPci6RYm0V3tAr0j.C6cr - Succesfully moved to backup
[user][07:20:46] - cpym0V3VtpiNKE6h.vfS4 - Succesfully moved to backup
[user][07:20:46] - xiExn6NtYm0V3z5c.19kv - Succesfully moved to backup
[user][07:20:59] - ZF7Fqm0V333cha4v.daF3 - Succesfully restored from backup
[user][07:20:59] - ppZDCKtm0V3WQu1w.Vc4f - Succesfully restored from backup
[user][07:20:59] - bEK0Pm0V3iY0b5qs.VvA0 - Succesfully restored from backup
[user][07:20:59] - cK1PSgkm0V3TnQ2d.zHb4 - Succesfully restored from backup
[user][07:20:59] - BHLBqm0V3RdB7x9l.h6Dj - Succesfully restored from backup
[user][07:20:59] - 1BkDidm0V3k0Pc97x.pac3 - Succesfully restored from backup
[user][07:20:59] - kPci6RYm0V3tAr0j.C6cr - Succesfully restored from backup
[user][07:20:59] - cpym0V3VtpiNKE6h.vfS4 - Succesfully restored from backup
[user][07:20:59] - xiExn6NtYm0V3z5c.19kv - Succesfully restored from backup
[user][07:22:53] - ZF7Fqm0V333cha4v.daF3 - Succesfully moved to backup
[user][07:22:53] - ppZDCKtm0V3WQu1w.Vc4f - Succesfully moved to backup
[user][07:22:53] - bEK0Pm0V3iY0b5qs.VvA0 - Succesfully moved to backup
[user][07:22:53] - cK1PSgkm0V3TnQ2d.zHb4 - Succesfully moved to backup
[user][07:22:53] - BHLBqm0V3RdB7x9l.h6Dj - Succesfully moved to backup
[user][07:22:53] - 1BkDidm0V3k0Pc97x.pac3 - Succesfully moved to backup
[user][07:22:53] - kPci6RYm0V3tAr0j.C6cr - Succesfully moved to backup
[user][07:22:53] - cpym0V3VtpiNKE6h.vfS4 - Succesfully moved to backup
[user][07:22:53] - xiExn6NtYm0V3z5c.19kv - Succesfully moved to backup
[user][07:25:14] - ZF7Fqm0V333cha4v.daF3 - Succesfully restored from backup
[user][07:25:14] - ppZDCKtm0V3WQu1w.Vc4f - Succesfully restored from backup
[user][07:25:14] - bEK0Pm0V3iY0b5qs.VvA0 - Succesfully restored from backup
[user][07:25:14] - cK1PSgkm0V3TnQ2d.zHb4 - Succesfully restored from backup
[user][07:25:14] - BHLBqm0V3RdB7x9l.h6Dj - Succesfully restored from backup
[user][07:25:14] - 1BkDidm0V3k0Pc97x.pac3 - Succesfully restored from backup
[user][07:25:14] - kPci6RYm0V3tAr0j.C6cr - Succesfully restored from backup
[user][07:25:14] - cpym0V3VtpiNKE6h.vfS4 - Succesfully restored from backup
[user][07:25:14] - xiExn6NtYm0V3z5c.19kv - Succesfully restored from backup
